2022-04-22 12:01:00,012 - freqtrade.loggers - INFO - Verbosity set to 0
2022-04-22 12:01:00,013 - freqtrade.configuration.configuration - INFO - Runmode set to dry_run.
2022-04-22 12:01:00,015 - freqtrade.configuration.configuration - INFO - Parameter --db-url detected ...
2022-04-22 12:01:00,016 - freqtrade.configuration.configuration - INFO - Dry run is enabled
2022-04-22 12:01:00,019 - freqtrade.configuration.configuration - INFO - Using DB: "sqlite:////freqtrade/user_data/tradesv3.sqlite"
2022-04-22 12:01:00,020 - freqtrade.configuration.configuration - INFO - Using max_open_trades: 10 ...
2022-04-22 12:01:00,084 - freqtrade.configuration.configuration - INFO - Using user-data directory: /freqtrade/user_data ...
2022-04-22 12:01:00,087 - freqtrade.configuration.directory_operations - INFO - Created data directory: None
2022-04-22 12:01:00,089 - freqtrade.configuration.configuration - INFO - Using data directory: /freqtrade/user_data/data/binance ...
2022-04-22 12:01:00,090 - freqtrade.configuration.check_exchange - INFO - Checking exchange...
2022-04-22 12:01:00,102 - freqtrade.configuration.check_exchange - INFO - Exchange "binance" is officially supported by the Freqtrade development team.
2022-04-22 12:01:00,103 - freqtrade.configuration.configuration - INFO - Using pairlist from configuration.
2022-04-22 12:01:00,104 - freqtrade.freqtradebot - INFO - Starting freqtrade 2022.3
2022-04-22 12:01:00,137 - freqtrade.resolvers.iresolver - INFO - Using resolved strategy Strategy004 from '/freqtrade/user_data/strategies/Strategy004.py'...
2022-04-22 12:01:00,140 - freqtrade.strategy.hyper - INFO - Found no parameter file.
2022-04-22 12:01:00,141 - freqtrade.strategy.hyper - INFO - No params for buy found, using default values.
2022-04-22 12:01:00,142 - freqtrade.strategy.hyper - INFO - No params for sell found, using default values.
2022-04-22 12:01:00,142 - freqtrade.strategy.hyper - INFO - No params for protection found, using default values.
2022-04-22 12:01:00,143 - freqtrade.resolvers.strategy_resolver - INFO - Override strategy 'stake_currency' with value in config file: USDT.
2022-04-22 12:01:00,144 - freqtrade.resolvers.strategy_resolver - INFO - Override strategy 'stake_amount' with value in config file: 100.
2022-04-22 12:01:00,144 - freqtrade.resolvers.strategy_resolver - INFO - Override strategy 'unfilledtimeout' with value in config file: {'buy': 10, 'sell': 10, 'exit_timeout_count': 0, 'unit': 'minutes'}.
2022-04-22 12:01:00,145 - freqtrade.resolvers.strategy_resolver - INFO - Strategy using minimal_roi: {'60': 0.01, '30': 0.03, '20': 0.04, '0': 0.05}
2022-04-22 12:01:00,146 - freqtrade.resolvers.strategy_resolver - INFO - Strategy using timeframe: 5m
2022-04-22 12:01:00,147 - freqtrade.resolvers.strategy_resolver - INFO - Strategy using stoploss: -0.1
2022-04-22 12:01:00,147 - freqtrade.resolvers.strategy_resolver - INFO - Strategy using trailing_stop: False
2022-04-22 12:01:00,148 - freqtrade.resolvers.strategy_resolver - INFO - Strategy using trailing_stop_positive: 0.01
2022-04-22 12:01:00,148 - freqtrade.resolvers.strategy_resolver - INFO - Strategy using trailing_stop_positive_offset: 0.02
2022-04-22 12:01:00,149 - freqtrade.resolvers.strategy_resolver - INFO - Strategy using trailing_only_offset_is_reached: False
2022-04-22 12:01:00,150 - freqtrade.resolvers.strategy_resolver - INFO - Strategy using use_custom_stoploss: False
2022-04-22 12:01:00,151 - freqtrade.resolvers.strategy_resolver - INFO - Strategy using process_only_new_candles: False
2022-04-22 12:01:00,151 - freqtrade.resolvers.strategy_resolver - INFO - Strategy using order_types: {'buy': 'limit', 'sell': 'limit', 'stoploss': 'market', 'stoploss_on_exchange': False}
2022-04-22 12:01:00,152 - freqtrade.resolvers.strategy_resolver - INFO - Strategy using order_time_in_force: {'buy': 'gtc', 'sell': 'gtc'}
2022-04-22 12:01:00,153 - freqtrade.resolvers.strategy_resolver - INFO - Strategy using stake_currency: USDT
2022-04-22 12:01:00,153 - freqtrade.resolvers.strategy_resolver - INFO - Strategy using stake_amount: 100
2022-04-22 12:01:00,154 - freqtrade.resolvers.strategy_resolver - INFO - Strategy using protections: []
2022-04-22 12:01:00,155 - freqtrade.resolvers.strategy_resolver - INFO - Strategy using startup_candle_count: 0
2022-04-22 12:01:00,155 - freqtrade.resolvers.strategy_resolver - INFO - Strategy using unfilledtimeout: {'buy': 10, 'sell': 10, 'exit_timeout_count': 0, 'unit': 'minutes'}
2022-04-22 12:01:00,156 - freqtrade.resolvers.strategy_resolver - INFO - Strategy using use_sell_signal: True
2022-04-22 12:01:00,157 - freqtrade.resolvers.strategy_resolver - INFO - Strategy using sell_profit_only: True
2022-04-22 12:01:00,157 - freqtrade.resolvers.strategy_resolver - INFO - Strategy using ignore_roi_if_buy_signal: False
2022-04-22 12:01:00,158 - freqtrade.resolvers.strategy_resolver - INFO - Strategy using sell_profit_offset: 0.0
2022-04-22 12:01:00,159 - freqtrade.resolvers.strategy_resolver - INFO - Strategy using disable_dataframe_checks: False
2022-04-22 12:01:00,159 - freqtrade.resolvers.strategy_resolver - INFO - Strategy using ignore_buying_expired_candle_after: 0
2022-04-22 12:01:00,160 - freqtrade.resolvers.strategy_resolver - INFO - Strategy using position_adjustment_enable: False
2022-04-22 12:01:00,161 - freqtrade.resolvers.strategy_resolver - INFO - Strategy using max_entry_position_adjustment: -1
2022-04-22 12:01:00,161 - freqtrade.configuration.config_validation - INFO - Validating configuration ...
2022-04-22 12:01:00,165 - freqtrade.exchange.exchange - INFO - Instance is running with dry_run enabled
2022-04-22 12:01:00,166 - freqtrade.exchange.exchange - INFO - Using CCXT 1.76.65
2022-04-22 12:01:00,184 - freqtrade.exchange.exchange - INFO - Using Exchange "Binance"
2022-04-22 12:01:01,471 - freqtrade.resolvers.exchange_resolver - INFO - Using resolved exchange 'Binance'...
2022-04-22 12:01:01,648 - freqtrade.persistence.migrations - INFO - Running database migration for trades - backup: trades_bak0, orders_bak0
2022-04-22 12:01:01,900 - freqtrade.wallets - INFO - Wallets synced.
2022-04-22 12:01:01,901 - freqtrade.plugins.protectionmanager - INFO - No protection Handlers defined.
2022-04-22 12:01:02,553 - freqtrade.resolvers.iresolver - INFO - Using resolved pairlist VolumePairList from '/freqtrade/freqtrade/plugins/pairlist/VolumePairList.py'...
2022-04-22 12:01:02,917 - VolumePairList - INFO - Pair BNB/USDT in your blacklist. Removing it from whitelist...
2022-04-22 12:01:02,936 - VolumePairList - INFO - Searching 20 pairs: ['BTC/USDT', 'ETH/USDT', 'GMT/USDT', 'BUSD/USDT', 'TRX/USDT', 'LUNA/USDT', 'APE/USDT', 'SOL/USDT', 'NEAR/USDT', 'JASMY/USDT', 'UST/USDT', 'USDC/USDT', 'XRP/USDT', 'ZIL/USDT', 'MATIC/USDT', 'SHIB/USDT', 'DOGE/USDT', 'AVAX/USDT', 'RUNE/USDT', 'ADA/USDT']
2022-04-22 12:01:02,940 - freqtrade.rpc.rpc_manager - INFO - Sending rpc message: {'type': status, 'status': 'running'}
2022-04-22 12:01:02,941 - freqtrade.worker - INFO - Changing state to: RUNNING
2022-04-22 12:01:02,942 - freqtrade.rpc.rpc_manager - INFO - Sending rpc message: {'type': warning, 'status': 'Dry run is enabled. All trades are simulated.'}
2022-04-22 12:01:02,943 - freqtrade.rpc.rpc_manager - INFO - Sending rpc message: {'type': startup, 'status': "*Exchange:* `binance`\n*Stake per trade:* `100 USDT`\n*Minimum ROI:* `{'60': 0.01, '30': 0.03, '20': 0.04, '0': 0.05}`\n*Stoploss:* `-0.1`\n*Position adjustment:* `Off`\n*Timeframe:* `5m`\n*Strategy:* `Strategy004`"}
2022-04-22 12:01:02,944 - freqtrade.rpc.rpc_manager - INFO - Sending rpc message: {'type': startup, 'status': "Searching for USDT pairs to buy and sell based on [{'VolumePairList': 'VolumePairList - top 20 volume pairs.'}]"}
2022-04-22 12:01:07,949 - freqtrade.worker - INFO - Bot heartbeat. PID=1, version='2022.3', state='RUNNING'
2022-04-22 12:02:08,010 - freqtrade.worker - INFO - Bot heartbeat. PID=1, version='2022.3', state='RUNNING'
2022-04-22 12:03:08,071 - freqtrade.worker - INFO - Bot heartbeat. PID=1, version='2022.3', state='RUNNING'
2022-04-22 12:04:08,132 - freqtrade.worker - INFO - Bot heartbeat. PID=1, version='2022.3', state='RUNNING'
2022-04-22 12:05:08,191 - freqtrade.worker - INFO - Bot heartbeat. PID=1, version='2022.3', state='RUNNING'
